<?xml version="1.0" encoding="UTF-8"?>
<testng-results ignored="0" total="1" passed="1" failed="0" skipped="0">
  <reporter-output>
  </reporter-output>
  <suite started-at="2020-02-11T14:08:22 IST" name="WebDriver" finished-at="2020-02-11T14:08:38 IST" duration-ms="16429">
    <groups>
    </groups>
    <test started-at="2020-02-11T14:08:22 IST" name="Test" finished-at="2020-02-11T14:08:38 IST" duration-ms="16429">
      <class name="addressbook.NewTest">
        <test-method is-config="true" signature="launch()[pri:0, instance:addressbook.NewTest@7748410a]" started-at="2020-02-11T14:08:22 IST" name="launch" finished-at="2020-02-11T14:08:31 IST" duration-ms="8733" status="PASS">
          <reporter-output>
          </reporter-output>
        </test-method> <!-- launch -->
        <test-method signature="verfiy()[pri:0, instance:addressbook.NewTest@7748410a]" started-at="2020-02-11T14:08:31 IST" name="verfiy" finished-at="2020-02-11T14:08:36 IST" duration-ms="5507" status="PASS">
          <reporter-output>
          </reporter-output>
        </test-method> <!-- verfiy -->
        <test-method is-config="true" signature="close()[pri:0, instance:addressbook.NewTest@7748410a]" started-at="2020-02-11T14:08:36 IST" name="close" finished-at="2020-02-11T14:08:38 IST" duration-ms="2123" status="PASS">
          <reporter-output>
          </reporter-output>
        </test-method> <!-- close -->
      </class> <!-- addressbook.NewTest -->
    </test> <!-- Test -->
  </suite> <!-- WebDriver -->
</testng-results>
